ISim log file
Running: F:\ali\home work\verilog\project\project2\test5_isim_beh.exe -intstyle ise -gui -tclbatch isim.cmd -wdb F:/ali/home work/verilog/project/project2/test5_isim_beh.wdb 
ISim P.20131013 (signature 0x7708f090)
This is a Full version of ISim.
Time resolution is 1 ps
# onerror resume
# wave add /
# run 1000 ns
Simulator is doing circuit initialization process.
Finished circuit initialization process.
the packet  0 succesfull arived
the packet  1 not succesfull arived
the packet  2 not succesfull arived
the packet  3 succesfull arived
# run 1.00us
the packet  4 succesfull arived
the packet  5 succesfull arived
the packet  6 succesfull arived
the packet  7 succesfull arived
ISim P.20131013 (signature 0x7708f090)
This is a Full version of ISim.
# run 1000 ns
Simulator is doing circuit initialization process.
Finished circuit initialization process.
the packet  0 succesfull arived
the packet  1 not succesfull arived
the packet  2 not succesfull arived
the packet  3 succesfull arived
